<?xml version="1.0" encoding="UTF-8"?>
<ns2:test-suite xmlns:ns2="urn:model.allure.qatools.yandex.ru" start="1480397913533" stop="1480397914308">
	<name>API searchbox , </name>
	<title>API searchbox , </title>
	<test-cases>
		<test-case start="1480397913534" stop="1480397914125" status="failed">
			<name>should be able to receive a search term from a user and display a correct result.</name>
			<title>should be able to receive a search term from a user and display a correct result.</title>
			<description></description>
			<labels>
			</labels>
			<parameters>
			</parameters>
			<steps>
			</steps>
			<attachments>
				<attachment title="Screenshot" source="06d4e77b-030c-47c9-af99-9df6364778fd-attachment.png" type="image/png" size="3154"/>
			</attachments>
			<failure>
				<message>Failed: menu is not defined</message>
				<stack-trace>ReferenceError: menu is not defined
    at Object.&lt;anonymous&gt; (/Users/mumpiko/dev/protractor-workspace/protractor-demo/specs/smoke/api-search-spec.js:9:5)
    at /Users/mumpiko/dev/protractor-workspace/protractor-demo/node_modules/gulp-angular-protractor/node_modules/protractor/node_modules/jasminewd2/index.js:94:23
    at new ManagedPromise (/Users/mumpiko/dev/protractor-workspace/protractor-demo/node_modules/gulp-angular-protractor/node_modules/protractor/node_modules/selenium-webdriver/lib/promise.js:1082:7)
    at controlFlowExecute (/Users/mumpiko/dev/protractor-workspace/protractor-demo/node_modules/gulp-angular-protractor/node_modules/protractor/node_modules/jasminewd2/index.js:80:18)
    at TaskQueue.execute_ (/Users/mumpiko/dev/protractor-workspace/protractor-demo/node_modules/gulp-angular-protractor/node_modules/protractor/node_modules/selenium-webdriver/lib/promise.js:2913:14)
    at TaskQueue.executeNext_ (/Users/mumpiko/dev/protractor-workspace/protractor-demo/node_modules/gulp-angular-protractor/node_modules/protractor/node_modules/selenium-webdriver/lib/promise.js:2896:21)
    at asyncRun (/Users/mumpiko/dev/protractor-workspace/protractor-demo/node_modules/gulp-angular-protractor/node_modules/protractor/node_modules/selenium-webdriver/lib/promise.js:2820:25)
    at /Users/mumpiko/dev/protractor-workspace/protractor-demo/node_modules/gulp-angular-protractor/node_modules/protractor/node_modules/selenium-webdriver/lib/promise.js:639:7
    at process._tickCallback (internal/process/next_tick.js:103:7)
From: Task: Run beforeEach in control flow
    at Object.&lt;anonymous&gt; (/Users/mumpiko/dev/protractor-workspace/protractor-demo/node_modules/gulp-angular-protractor/node_modules/protractor/node_modules/jasminewd2/index.js:79:14)
    at attemptAsync (/Users/mumpiko/dev/protractor-workspace/protractor-demo/node_modules/gulp-angular-protractor/node_modules/protractor/node_modules/jasmine/node_modules/jasmine-core/lib/jasmine-core/jasmine.js:1980:24)
    at QueueRunner.run (/Users/mumpiko/dev/protractor-workspace/protractor-demo/node_modules/gulp-angular-protractor/node_modules/protractor/node_modules/jasmine/node_modules/jasmine-core/lib/jasmine-core/jasmine.js:1935:9)
    at QueueRunner.execute (/Users/mumpiko/dev/protractor-workspace/protractor-demo/node_modules/gulp-angular-protractor/node_modules/protractor/node_modules/jasmine/node_modules/jasmine-core/lib/jasmine-core/jasmine.js:1923:10)
    at Spec.queueRunnerFactory (/Users/mumpiko/dev/protractor-workspace/protractor-demo/node_modules/gulp-angular-protractor/node_modules/protractor/node_modules/jasmine/node_modules/jasmine-core/lib/jasmine-core/jasmine.js:714:35)
    at Spec.execute (/Users/mumpiko/dev/protractor-workspace/protractor-demo/node_modules/gulp-angular-protractor/node_modules/protractor/node_modules/jasmine/node_modules/jasmine-core/lib/jasmine-core/jasmine.js:371:10)
    at Object.fn (/Users/mumpiko/dev/protractor-workspace/protractor-demo/node_modules/gulp-angular-protractor/node_modules/protractor/node_modules/jasmine/node_modules/jasmine-core/lib/jasmine-core/jasmine.js:2579:37)
    at attemptAsync (/Users/mumpiko/dev/protractor-workspace/protractor-demo/node_modules/gulp-angular-protractor/node_modules/protractor/node_modules/jasmine/node_modules/jasmine-core/lib/jasmine-core/jasmine.js:1980:24)
    at QueueRunner.run (/Users/mumpiko/dev/protractor-workspace/protractor-demo/node_modules/gulp-angular-protractor/node_modules/protractor/node_modules/jasmine/node_modules/jasmine-core/lib/jasmine-core/jasmine.js:1935:9)
    at QueueRunner.execute (/Users/mumpiko/dev/protractor-workspace/protractor-demo/node_modules/gulp-angular-protractor/node_modules/protractor/node_modules/jasmine/node_modules/jasmine-core/lib/jasmine-core/jasmine.js:1923:10)
From asynchronous test: 
Error
    at Object.&lt;anonymous&gt; (/Users/mumpiko/dev/protractor-workspace/protractor-demo/specs/smoke/api-search-spec.js:7:1)
    at Module._compile (module.js:570:32)
    at Object.Module._extensions..js (module.js:579:10)
    at Module.load (module.js:487:32)
    at tryModuleLoad (module.js:446:12)
    at Function.Module._load (module.js:438:3)
    at Module.require (module.js:497:17)
    at require (internal/module.js:20:19)
    at /Users/mumpiko/dev/protractor-workspace/protractor-demo/node_modules/gulp-angular-protractor/node_modules/protractor/node_modules/jasmine/lib/jasmine.js:84:5</stack-trace>
			</failure>
		</test-case>
		<test-case start="1480397914126" stop="1480397914308" status="failed">
			<name>should be able to receive a search term from a user and display a correct result.</name>
			<title>should be able to receive a search term from a user and display a correct result.</title>
			<description></description>
			<labels>
			</labels>
			<parameters>
			</parameters>
			<steps>
			</steps>
			<attachments>
				<attachment title="Screenshot" source="1f3781e1-c291-467d-8854-80fedbc537ae-attachment.png" type="image/png" size="3154"/>
			</attachments>
			<failure>
				<message>Failed: menu is not defined</message>
				<stack-trace>ReferenceError: menu is not defined
    at Object.&lt;anonymous&gt; (/Users/mumpiko/dev/protractor-workspace/protractor-demo/specs/smoke/api-search-spec.js:9:5)
    at /Users/mumpiko/dev/protractor-workspace/protractor-demo/node_modules/gulp-angular-protractor/node_modules/protractor/node_modules/jasminewd2/index.js:94:23
    at new ManagedPromise (/Users/mumpiko/dev/protractor-workspace/protractor-demo/node_modules/gulp-angular-protractor/node_modules/protractor/node_modules/selenium-webdriver/lib/promise.js:1082:7)
    at controlFlowExecute (/Users/mumpiko/dev/protractor-workspace/protractor-demo/node_modules/gulp-angular-protractor/node_modules/protractor/node_modules/jasminewd2/index.js:80:18)
    at TaskQueue.execute_ (/Users/mumpiko/dev/protractor-workspace/protractor-demo/node_modules/gulp-angular-protractor/node_modules/protractor/node_modules/selenium-webdriver/lib/promise.js:2913:14)
    at TaskQueue.executeNext_ (/Users/mumpiko/dev/protractor-workspace/protractor-demo/node_modules/gulp-angular-protractor/node_modules/protractor/node_modules/selenium-webdriver/lib/promise.js:2896:21)
    at asyncRun (/Users/mumpiko/dev/protractor-workspace/protractor-demo/node_modules/gulp-angular-protractor/node_modules/protractor/node_modules/selenium-webdriver/lib/promise.js:2820:25)
    at /Users/mumpiko/dev/protractor-workspace/protractor-demo/node_modules/gulp-angular-protractor/node_modules/protractor/node_modules/selenium-webdriver/lib/promise.js:639:7
    at process._tickCallback (internal/process/next_tick.js:103:7)
From: Task: Run beforeEach in control flow
    at Object.&lt;anonymous&gt; (/Users/mumpiko/dev/protractor-workspace/protractor-demo/node_modules/gulp-angular-protractor/node_modules/protractor/node_modules/jasminewd2/index.js:79:14)
    at attemptAsync (/Users/mumpiko/dev/protractor-workspace/protractor-demo/node_modules/gulp-angular-protractor/node_modules/protractor/node_modules/jasmine/node_modules/jasmine-core/lib/jasmine-core/jasmine.js:1980:24)
    at QueueRunner.run (/Users/mumpiko/dev/protractor-workspace/protractor-demo/node_modules/gulp-angular-protractor/node_modules/protractor/node_modules/jasmine/node_modules/jasmine-core/lib/jasmine-core/jasmine.js:1935:9)
    at QueueRunner.execute (/Users/mumpiko/dev/protractor-workspace/protractor-demo/node_modules/gulp-angular-protractor/node_modules/protractor/node_modules/jasmine/node_modules/jasmine-core/lib/jasmine-core/jasmine.js:1923:10)
    at Spec.queueRunnerFactory (/Users/mumpiko/dev/protractor-workspace/protractor-demo/node_modules/gulp-angular-protractor/node_modules/protractor/node_modules/jasmine/node_modules/jasmine-core/lib/jasmine-core/jasmine.js:714:35)
    at Spec.execute (/Users/mumpiko/dev/protractor-workspace/protractor-demo/node_modules/gulp-angular-protractor/node_modules/protractor/node_modules/jasmine/node_modules/jasmine-core/lib/jasmine-core/jasmine.js:371:10)
    at Object.fn (/Users/mumpiko/dev/protractor-workspace/protractor-demo/node_modules/gulp-angular-protractor/node_modules/protractor/node_modules/jasmine/node_modules/jasmine-core/lib/jasmine-core/jasmine.js:2579:37)
    at attemptAsync (/Users/mumpiko/dev/protractor-workspace/protractor-demo/node_modules/gulp-angular-protractor/node_modules/protractor/node_modules/jasmine/node_modules/jasmine-core/lib/jasmine-core/jasmine.js:1980:24)
    at QueueRunner.run (/Users/mumpiko/dev/protractor-workspace/protractor-demo/node_modules/gulp-angular-protractor/node_modules/protractor/node_modules/jasmine/node_modules/jasmine-core/lib/jasmine-core/jasmine.js:1935:9)
    at /Users/mumpiko/dev/protractor-workspace/protractor-demo/node_modules/gulp-angular-protractor/node_modules/protractor/node_modules/jasmine/node_modules/jasmine-core/lib/jasmine-core/jasmine.js:1962:16
From asynchronous test: 
Error
    at Object.&lt;anonymous&gt; (/Users/mumpiko/dev/protractor-workspace/protractor-demo/specs/smoke/api-search-spec.js:7:1)
    at Module._compile (module.js:570:32)
    at Object.Module._extensions..js (module.js:579:10)
    at Module.load (module.js:487:32)
    at tryModuleLoad (module.js:446:12)
    at Function.Module._load (module.js:438:3)
    at Module.require (module.js:497:17)
    at require (internal/module.js:20:19)
    at /Users/mumpiko/dev/protractor-workspace/protractor-demo/node_modules/gulp-angular-protractor/node_modules/protractor/node_modules/jasmine/lib/jasmine.js:84:5</stack-trace>
			</failure>
		</test-case>
	</test-cases>
</ns2:test-suite>